#
# There is insufficient memory for the Java Runtime Environment to continue.
# Native memory allocation (malloc) failed to allocate 1824976 bytes for Chunk::new
# Possible reasons:
#   The system is out of physical RAM or swap space
#   The process is running with CompressedOops enabled, and the Java Heap may be blocking the growth of the native heap
# Possible solutions:
#   Reduce memory load on the system
#   Increase physical memory or swap space
#   Check if swap backing store is full
#   Decrease Java heap size (-Xmx/-Xms)
#   Decrease number of Java threads
#   Decrease Java thread stack sizes (-Xss)
#   Set larger code cache with -XX:ReservedCodeCacheSize=
#   JVM is running with Unscaled Compressed Oops mode in which the Java heap is
#     placed in the first 4GB address space. The Java Heap base address is the
#     maximum limit for the native heap growth. Please use -XX:HeapBaseMinAddress
#     to set the Java Heap base and to place the Java Heap above 4GB virtual address.
# This output file may be truncated or incomplete.
#
#  Out of Memory Error (./src/hotspot/share/memory/arena.cpp:197), pid=6200, tid=18992
#
# JRE version: OpenJDK Runtime Environment (11.0.10) (build 11.0.10+0-b96-7249189)
# Java VM: OpenJDK 64-Bit Server VM (11.0.10+0-b96-7249189, mixed mode, tiered, compressed oops, g1 gc, windows-amd64)
# No core dump will be written. Minidumps are not enabled by default on client versions of Windows
#

---------------  S U M M A R Y ------------

Command Line: --add-opens=java.base/java.util=ALL-UNNAMED --add-opens=java.base/java.lang=ALL-UNNAMED --add-opens=java.base/java.lang.invoke=ALL-UNNAMED --add-opens=java.base/java.util=ALL-UNNAMED --add-opens=java.prefs/java.util.prefs=ALL-UNNAMED --add-opens=java.prefs/java.util.prefs=ALL-UNNAMED --add-opens=java.base/java.nio.charset=ALL-UNNAMED --add-opens=java.base/java.net=ALL-UNNAMED --add-opens=java.base/java.util.concurrent.atomic=ALL-UNNAMED -Xmx2048m -Dfile.encoding=UTF-8 -Duser.country=US -Duser.language=en -Duser.variant org.gradle.launcher.daemon.bootstrap.GradleDaemon 7.0.2

Host: Intel(R) Core(TM) i7-10510U CPU @ 1.80GHz, 8 cores, 15G,  Windows 10 , 64 bit Build 19041 (10.0.19041.1202)
Time: Tue Sep 21 13:47:30 2021 Egypt Standard Time elapsed time: 4.872091 seconds (0d 0h 0m 4s)

---------------  T H R E A D  ---------------

Current thread (0x00000272cb035000):  JavaThread "C2 CompilerThread0" daemon [_thread_in_native, id=18992, stack(0x000000e912a00000,0x000000e912b00000)]


Current CompileTask:
C2:   4872 2209       4       java.net.URLClassLoader$1::run (5 bytes)

Stack: [0x000000e912a00000,0x000000e912b00000]
Native frames: (J=compiled Java code, j=interpreted, Vv=VM code, C=native code)
V  [jvm.dll+0x5ecfaa]
V  [jvm.dll+0x722bd5]
V  [jvm.dll+0x72412d]
V  [jvm.dll+0x7247e3]
V  [jvm.dll+0x242928]
V  [jvm.dll+0xbc4fc]
V  [jvm.dll+0xbca0c]
V  [jvm.dll+0x352d3b]
V  [jvm.dll+0x320ad3]
V  [jvm.dll+0x31ffca]
V  [jvm.dll+0x1fb602]
V  [jvm.dll+0x1fa7f4]
V  [jvm.dll+0x18354c]
V  [jvm.dll+0x208ee7]
V  [jvm.dll+0x207731]
V  [jvm.dll+0x6eb1cf]
V  [jvm.dll+0x6e3d45]
V  [jvm.dll+0x5ebe96]
C  [ucrtbase.dll+0x21bb2]
C  [KERNEL32.DLL+0x17034]
C  [ntdll.dll+0x52651]


---------------  P R O C E S S  ---------------

Threads class SMR info:
_java_thread_list=0x00000272cdcd9140, length=36, elements={
0x00000272afbac800, 0x00000272cafbd000, 0x00000272cafc0800, 0x00000272cb01c800,
0x00000272cb01f000, 0x00000272cb021000, 0x00000272cb035000, 0x00000272cb036800,
0x00000272cb046800, 0x00000272cb199800, 0x00000272cc511000, 0x00000272cc510800,
0x00000272cc512000, 0x00000272cc50f800, 0x00000272cd98d800, 0x00000272cd98c000,
0x00000272cd98a800, 0x00000272cd98d000, 0x00000272cd98f800, 0x00000272cd98b800,
0x00000272cd989800, 0x00000272cd98e800, 0x00000272cd993800, 0x00000272cc801800,
0x00000272cd994000, 0x00000272cd991000, 0x00000272cd995000, 0x00000272cd990000,
0x00000272cd997800, 0x00000272cd992000, 0x00000272cd998800, 0x00000272cd996000,
0x00000272cd996800, 0x00000272cd992800, 0x00000272cdd9b800, 0x00000272ce77f800
}

Java Threads: ( => current thread )
  0x00000272afbac800 JavaThread "main" [_thread_blocked, id=12812, stack(0x000000e911e00000,0x000000e911f00000)]
  0x00000272cafbd000 JavaThread "Reference Handler" daemon [_thread_blocked, id=18420, stack(0x000000e912500000,0x000000e912600000)]
  0x00000272cafc0800 JavaThread "Finalizer" daemon [_thread_blocked, id=18368, stack(0x000000e912600000,0x000000e912700000)]
  0x00000272cb01c800 JavaThread "Signal Dispatcher" daemon [_thread_blocked, id=18332, stack(0x000000e912700000,0x000000e912800000)]
  0x00000272cb01f000 JavaThread "Attach Listener" daemon [_thread_blocked, id=18984, stack(0x000000e912800000,0x000000e912900000)]
  0x00000272cb021000 JavaThread "Service Thread" daemon [_thread_blocked, id=8788, stack(0x000000e912900000,0x000000e912a00000)]
=>0x00000272cb035000 JavaThread "C2 CompilerThread0" daemon [_thread_in_native, id=18992, stack(0x000000e912a00000,0x000000e912b00000)]
  0x00000272cb036800 JavaThread "C1 CompilerThread0" daemon [_thread_blocked, id=17656, stack(0x000000e912b00000,0x000000e912c00000)]
  0x00000272cb046800 JavaThread "Sweeper thread" daemon [_thread_blocked, id=17652, stack(0x000000e912c00000,0x000000e912d00000)]
  0x00000272cb199800 JavaThread "Common-Cleaner" daemon [_thread_blocked, id=18424, stack(0x000000e912d00000,0x000000e912e00000)]
  0x00000272cc511000 JavaThread "Daemon health stats" [_thread_blocked, id=15696, stack(0x000000e913600000,0x000000e913700000)]
  0x00000272cc510800 JavaThread "Incoming local TCP Connector on port 56524" [_thread_in_native, id=9004, stack(0x000000e912f00000,0x000000e913000000)]
  0x00000272cc512000 JavaThread "Daemon periodic checks" [_thread_blocked, id=748, stack(0x000000e913500000,0x000000e913600000)]
  0x00000272cc50f800 JavaThread "Daemon" [_thread_blocked, id=5012, stack(0x000000e913700000,0x000000e913800000)]
  0x00000272cd98d800 JavaThread "Handler for socket connection from /127.0.0.1:56524 to /127.0.0.1:56525" [_thread_in_native, id=18092, stack(0x000000e913800000,0x000000e913900000)]
  0x00000272cd98c000 JavaThread "Cancel handler" [_thread_blocked, id=18088, stack(0x000000e913900000,0x000000e913a00000)]
  0x00000272cd98a800 JavaThread "Daemon worker" [_thread_in_Java, id=14568, stack(0x000000e913a00000,0x000000e913b00000)]
  0x00000272cd98d000 JavaThread "Asynchronous log dispatcher for DefaultDaemonConnection: socket connection from /127.0.0.1:56524 to /127.0.0.1:56525" [_thread_blocked, id=15700, stack(0x000000e913b00000,0x000000e913c00000)]
  0x00000272cd98f800 JavaThread "Stdin handler" [_thread_blocked, id=3736, stack(0x000000e913c00000,0x000000e913d00000)]
  0x00000272cd98b800 JavaThread "Daemon client event forwarder" [_thread_blocked, id=10132, stack(0x000000e913d00000,0x000000e913e00000)]
  0x00000272cd989800 JavaThread "Cache worker for file hash cache (C:\Users\Doaa\.gradle\caches\7.0.2\fileHashes)" [_thread_blocked, id=1188, stack(0x000000e913e00000,0x000000e913f00000)]
  0x00000272cd98e800 JavaThread "File lock request listener" [_thread_in_native, id=18264, stack(0x000000e913f00000,0x000000e914000000)]
  0x00000272cd993800 JavaThread "Cache worker for journal cache (C:\Users\Doaa\.gradle\caches\journal-1)" [_thread_blocked, id=18668, stack(0x000000e914400000,0x000000e914500000)]
  0x00000272cc801800 JavaThread "C2 CompilerThread1" daemon [_thread_in_native, id=18328, stack(0x000000e914500000,0x000000e914600000)]
  0x00000272cd994000 JavaThread "Cache worker for file hash cache (C:\Users\Doaa\AndroidStudioProjects\Momkn\.gradle\7.0.2\fileHashes)" [_thread_blocked, id=18324, stack(0x000000e914600000,0x000000e914700000)]
  0x00000272cd991000 JavaThread "File watcher server" daemon [_thread_in_native, id=11252, stack(0x000000e914700000,0x000000e914800000)]
  0x00000272cd995000 JavaThread "File watcher consumer" daemon [_thread_blocked, id=18888, stack(0x000000e914800000,0x000000e914900000)]
  0x00000272cd990000 JavaThread "jar transforms" [_thread_blocked, id=17128, stack(0x000000e914900000,0x000000e914a00000)]
  0x00000272cd997800 JavaThread "jar transforms Thread 2" [_thread_blocked, id=9688, stack(0x000000e914a00000,0x000000e914b00000)]
  0x00000272cd992000 JavaThread "jar transforms Thread 3" [_thread_blocked, id=9404, stack(0x000000e914b00000,0x000000e914c00000)]
  0x00000272cd998800 JavaThread "jar transforms Thread 4" [_thread_blocked, id=14624, stack(0x000000e914c00000,0x000000e914d00000)]
  0x00000272cd996000 JavaThread "jar transforms Thread 5" [_thread_blocked, id=9844, stack(0x000000e914d00000,0x000000e914e00000)]
  0x00000272cd996800 JavaThread "jar transforms Thread 6" [_thread_blocked, id=17136, stack(0x000000e914e00000,0x000000e914f00000)]
  0x00000272cd992800 JavaThread "jar transforms Thread 7" [_thread_blocked, id=18928, stack(0x000000e914f00000,0x000000e915000000)]
  0x00000272cdd9b800 JavaThread "C2 CompilerThread2" daemon [_thread_in_native, id=16536, stack(0x000000e915000000,0x000000e915100000)]
  0x00000272ce77f800 JavaThread "jar transforms Thread 8" [_thread_blocked, id=11840, stack(0x000000e915100000,0x000000e915200000)]

Other Threads:
  0x00000272cafba800 VMThread "VM Thread" [stack: 0x000000e912400000,0x000000e912500000] [id=17480]
  0x00000272cb1de800 WatcherThread [stack: 0x000000e912e00000,0x000000e912f00000] [id=12680]
  0x00000272afbc4000 GCTaskThread "GC Thread#0" [stack: 0x000000e911f00000,0x000000e912000000] [id=9384]
  0x00000272cb7a0800 GCTaskThread "GC Thread#1" [stack: 0x000000e913000000,0x000000e913100000] [id=17836]
  0x00000272cbc5e000 GCTaskThread "GC Thread#2" [stack: 0x000000e913100000,0x000000e913200000] [id=17832]
  0x00000272cbc5f000 GCTaskThread "GC Thread#3" [stack: 0x000000e913200000,0x000000e913300000] [id=2824]
  0x00000272cc0e3000 GCTaskThread "GC Thread#4" [stack: 0x000000e913300000,0x000000e913400000] [id=18580]
  0x00000272cc0e3800 GCTaskThread "GC Thread#5" [stack: 0x000000e913400000,0x000000e913500000] [id=19020]
  0x00000272cd1d9800 GCTaskThread "GC Thread#6" [stack: 0x000000e914000000,0x000000e914100000] [id=8396]
  0x00000272cd53c000 GCTaskThread "GC Thread#7" [stack: 0x000000e914100000,0x000000e914200000] [id=8716]
  0x00000272afbf4000 ConcurrentGCThread "G1 Main Marker" [stack: 0x000000e912000000,0x000000e912100000] [id=12404]
  0x00000272afbf7000 ConcurrentGCThread "G1 Conc#0" [stack: 0x000000e912100000,0x000000e912200000] [id=7716]
  0x00000272cbf67000 ConcurrentGCThread "G1 Conc#1" [stack: 0x000000e914200000,0x000000e914300000] [id=13164]
  0x00000272ca608800 ConcurrentGCThread "G1 Refine#0" [stack: 0x000000e912200000,0x000000e912300000] [id=19444]
  0x00000272cbef9800 ConcurrentGCThread "G1 Refine#1" [stack: 0x000000e914300000,0x000000e914400000] [id=7652]
  0x00000272ca609000 ConcurrentGCThread "G1 Young RemSet Sampling" [stack: 0x000000e912300000,0x000000e912400000] [id=17476]

Threads with active compile tasks:
C2 CompilerThread0   4898 2209       4       java.net.URLClassLoader$1::run (5 bytes)
C2 CompilerThread1   4898 2210   !   4       java.net.URLClassLoader$1::run (63 bytes)
C2 CompilerThread2   4898 2323       4       java.util.Arrays::fill (21 bytes)

VM state:not at safepoint (normal execution)

VM Mutex/Monitor currently owned by a thread: None

Heap address: 0x0000000080000000, size: 2048 MB, Compressed Oops mode: 32-bit
Narrow klass base: 0x0000000000000000, Narrow klass shift: 3
Compressed class space size: 1073741824 Address: 0x0000000100000000

Heap:
 garbage-first heap   total 260096K, used 40264K [0x0000000080000000, 0x0000000100000000)
  region size 1024K, 20 young (20480K), 2 survivors (2048K)
 Metaspace       used 26011K, capacity 26677K, committed 26752K, reserved 1073152K
  class space    used 3411K, capacity 3649K, committed 3712K, reserved 1048576K
Heap Regions: E=young(eden), S=young(survivor), O=old, HS=humongous(starts), HC=humongous(continues), CS=collection set, F=free, A=archive, TAMS=top-at-mark-start (previous, next)
|   0|0x0000000080000000, 0x0000000080100000, 0x0000000080100000|100%| O|  |TAMS 0x0000000080000000, 0x0000000080000000| Untracked 
|   1|0x0000000080100000, 0x0000000080200000, 0x0000000080200000|100%| O|  |TAMS 0x0000000080100000, 0x0000000080100000| Untracked 
|   2|0x0000000080200000, 0x0000000080300000, 0x0000000080300000|100%| O|  |TAMS 0x0000000080200000, 0x0000000080200000| Untracked 
|   3|0x0000000080300000, 0x0000000080400000, 0x0000000080400000|100%|HS|  |TAMS 0x0000000080400000, 0x0000000080300000| Complete 
|   4|0x0000000080400000, 0x0000000080500000, 0x0000000080500000|100%|HC|  |TAMS 0x0000000080500000, 0x0000000080400000| Complete 
|   5|0x0000000080500000, 0x0000000080600000, 0x0000000080600000|100%|HC|  |TAMS 0x0000000080600000, 0x0000000080500000| Complete 
|   6|0x0000000080600000, 0x0000000080700000, 0x0000000080700000|100%| O|  |TAMS 0x0000000080700000, 0x0000000080600000| Untracked 
|   7|0x0000000080700000, 0x0000000080800000, 0x0000000080800000|100%| O|  |TAMS 0x0000000080800000, 0x0000000080700000| Untracked 
|   8|0x0000000080800000, 0x0000000080900000, 0x0000000080900000|100%| O|  |TAMS 0x00000000808ce400, 0x0000000080800000| Untracked 
|   9|0x0000000080900000, 0x0000000080a00000, 0x0000000080a00000|100%| O|  |TAMS 0x0000000080900000, 0x0000000080900000| Untracked 
|  10|0x0000000080a00000, 0x0000000080b00000, 0x0000000080b00000|100%| O|  |TAMS 0x0000000080a00000, 0x0000000080a00000| Untracked 
|  11|0x0000000080b00000, 0x0000000080c00000, 0x0000000080c00000|100%| O|  |TAMS 0x0000000080b00000, 0x0000000080b00000| Untracked 
|  12|0x0000000080c00000, 0x0000000080d00000, 0x0000000080d00000|100%| O|  |TAMS 0x0000000080c00000, 0x0000000080c00000| Untracked 
|  13|0x0000000080d00000, 0x0000000080e00000, 0x0000000080e00000|100%| O|  |TAMS 0x0000000080d00000, 0x0000000080d00000| Untracked 
|  14|0x0000000080e00000, 0x0000000080f00000, 0x0000000080f00000|100%| O|  |TAMS 0x0000000080e00000, 0x0000000080e00000| Untracked 
|  15|0x0000000080f00000, 0x0000000080fada00, 0x0000000081000000| 67%| O|  |TAMS 0x0000000080f00000, 0x0000000080f00000| Untracked 
|  16|0x0000000081000000, 0x0000000081100000, 0x0000000081100000|100%|HS|  |TAMS 0x0000000081000000, 0x0000000081000000| Complete 
|  17|0x0000000081100000, 0x0000000081200000, 0x0000000081200000|100%|HC|  |TAMS 0x0000000081100000, 0x0000000081100000| Complete 
|  18|0x0000000081200000, 0x0000000081300000, 0x0000000081300000|100%|HS|  |TAMS 0x0000000081200000, 0x0000000081200000| Complete 
|  19|0x0000000081300000, 0x0000000081400000, 0x0000000081400000|100%|HC|  |TAMS 0x0000000081300000, 0x0000000081300000| Complete 
|  20|0x0000000081400000, 0x0000000081500000, 0x0000000081500000|100%|HC|  |TAMS 0x0000000081400000, 0x0000000081400000| Complete 
|  21|0x0000000081500000, 0x0000000081500000, 0x0000000081600000|  0%| F|  |TAMS 0x0000000081500000, 0x0000000081500000| Untracked 
|  22|0x0000000081600000, 0x0000000081600000, 0x0000000081700000|  0%| F|  |TAMS 0x0000000081600000, 0x0000000081600000| Untracked 
|  23|0x0000000081700000, 0x0000000081700000, 0x0000000081800000|  0%| F|  |TAMS 0x0000000081700000, 0x0000000081700000| Untracked 
|  24|0x0000000081800000, 0x0000000081800000, 0x0000000081900000|  0%| F|  |TAMS 0x0000000081800000, 0x0000000081800000| Untracked 
|  25|0x0000000081900000, 0x0000000081900000, 0x0000000081a00000|  0%| F|  |TAMS 0x0000000081900000, 0x0000000081900000| Untracked 
|  26|0x0000000081a00000, 0x0000000081a00000, 0x0000000081b00000|  0%| F|  |TAMS 0x0000000081a00000, 0x0000000081a00000| Untracked 
|  27|0x0000000081b00000, 0x0000000081b00000, 0x0000000081c00000|  0%| F|  |TAMS 0x0000000081b00000, 0x0000000081b00000| Untracked 
|  28|0x0000000081c00000, 0x0000000081c00000, 0x0000000081d00000|  0%| F|  |TAMS 0x0000000081c00000, 0x0000000081c00000| Untracked 
|  29|0x0000000081d00000, 0x0000000081d00000, 0x0000000081e00000|  0%| F|  |TAMS 0x0000000081d00000, 0x0000000081d00000| Untracked 
|  30|0x0000000081e00000, 0x0000000081e00000, 0x0000000081f00000|  0%| F|  |TAMS 0x0000000081e00000, 0x0000000081e00000| Untracked 
|  31|0x0000000081f00000, 0x0000000081f00000, 0x0000000082000000|  0%| F|  |TAMS 0x0000000081f00000, 0x0000000081f00000| Untracked 
|  32|0x0000000082000000, 0x0000000082000000, 0x0000000082100000|  0%| F|  |TAMS 0x0000000082000000, 0x0000000082000000| Untracked 
|  33|0x0000000082100000, 0x0000000082100000, 0x0000000082200000|  0%| F|  |TAMS 0x0000000082100000, 0x0000000082100000| Untracked 
|  34|0x0000000082200000, 0x0000000082200000, 0x0000000082300000|  0%| F|  |TAMS 0x0000000082200000, 0x0000000082200000| Untracked 
|  35|0x0000000082300000, 0x0000000082300000, 0x0000000082400000|  0%| F|  |TAMS 0x0000000082300000, 0x0000000082300000| Untracked 
|  36|0x0000000082400000, 0x0000000082400000, 0x0000000082500000|  0%| F|  |TAMS 0x0000000082400000, 0x0000000082400000| Untracked 
|  37|0x0000000082500000, 0x0000000082500000, 0x0000000082600000|  0%| F|  |TAMS 0x0000000082500000, 0x0000000082500000| Untracked 
|  38|0x0000000082600000, 0x0000000082600000, 0x0000000082700000|  0%| F|  |TAMS 0x0000000082600000, 0x0000000082600000| Untracked 
|  39|0x0000000082700000, 0x0000000082700000, 0x0000000082800000|  0%| F|  |TAMS 0x0000000082700000, 0x0000000082700000| Untracked 
|  40|0x0000000082800000, 0x0000000082800000, 0x0000000082900000|  0%| F|  |TAMS 0x0000000082800000, 0x0000000082800000| Untracked 
|  41|0x0000000082900000, 0x0000000082900000, 0x0000000082a00000|  0%| F|  |TAMS 0x0000000082900000, 0x0000000082900000| Untracked 
|  42|0x0000000082a00000, 0x0000000082a00000, 0x0000000082b00000|  0%| F|  |TAMS 0x0000000082a00000, 0x0000000082a00000| Untracked 
|  43|0x0000000082b00000, 0x0000000082b00000, 0x0000000082c00000|  0%| F|  |TAMS 0x0000000082b00000, 0x0000000082b00000| Untracked 
|  44|0x0000000082c00000, 0x0000000082c00000, 0x0000000082d00000|  0%| F|  |TAMS 0x0000000082c00000, 0x0000000082c00000| Untracked 
|  45|0x0000000082d00000, 0x0000000082d00000, 0x0000000082e00000|  0%| F|  |TAMS 0x0000000082d00000, 0x0000000082d00000| Untracked 
|  46|0x0000000082e00000, 0x0000000082e00000, 0x0000000082f00000|  0%| F|  |TAMS 0x0000000082e00000, 0x0000000082e00000| Untracked 
|  47|0x0000000082f00000, 0x0000000082f00000, 0x0000000083000000|  0%| F|  |TAMS 0x0000000082f00000, 0x0000000082f00000| Untracked 
|  48|0x0000000083000000, 0x0000000083000000, 0x0000000083100000|  0%| F|  |TAMS 0x0000000083000000, 0x0000000083000000| Untracked 
|  49|0x0000000083100000, 0x0000000083100000, 0x0000000083200000|  0%| F|  |TAMS 0x0000000083100000, 0x0000000083100000| Untracked 
|  50|0x0000000083200000, 0x0000000083200000, 0x0000000083300000|  0%| F|  |TAMS 0x0000000083200000, 0x0000000083200000| Untracked 
|  51|0x0000000083300000, 0x0000000083300000, 0x0000000083400000|  0%| F|  |TAMS 0x0000000083300000, 0x0000000083300000| Untracked 
|  52|0x0000000083400000, 0x0000000083400000, 0x0000000083500000|  0%| F|  |TAMS 0x0000000083400000, 0x0000000083400000| Untracked 
|  53|0x0000000083500000, 0x0000000083500000, 0x0000000083600000|  0%| F|  |TAMS 0x0000000083500000, 0x0000000083500000| Untracked 
|  54|0x0000000083600000, 0x0000000083600000, 0x0000000083700000|  0%| F|  |TAMS 0x0000000083600000, 0x0000000083600000| Untracked 
|  55|0x0000000083700000, 0x0000000083700000, 0x0000000083800000|  0%| F|  |TAMS 0x0000000083700000, 0x0000000083700000| Untracked 
|  56|0x0000000083800000, 0x0000000083800000, 0x0000000083900000|  0%| F|  |TAMS 0x0000000083800000, 0x0000000083800000| Untracked 
|  57|0x0000000083900000, 0x0000000083900000, 0x0000000083a00000|  0%| F|  |TAMS 0x0000000083900000, 0x0000000083900000| Untracked 
|  58|0x0000000083a00000, 0x0000000083a00000, 0x0000000083b00000|  0%| F|  |TAMS 0x0000000083a00000, 0x0000000083a00000| Untracked 
|  59|0x0000000083b00000, 0x0000000083b00000, 0x0000000083c00000|  0%| F|  |TAMS 0x0000000083b00000, 0x0000000083b00000| Untracked 
|  60|0x0000000083c00000, 0x0000000083c00000, 0x0000000083d00000|  0%| F|  |TAMS 0x0000000083c00000, 0x0000000083c00000| Untracked 
|  61|0x0000000083d00000, 0x0000000083d00000, 0x0000000083e00000|  0%| F|  |TAMS 0x0000000083d00000, 0x0000000083d00000| Untracked 
|  62|0x0000000083e00000, 0x0000000083e00000, 0x0000000083f00000|  0%| F|  |TAMS 0x0000000083e00000, 0x0000000083e00000| Untracked 
|  63|0x0000000083f00000, 0x0000000083f00000, 0x0000000084000000|  0%| F|  |TAMS 0x0000000083f00000, 0x0000000083f00000| Untracked 
|  64|0x0000000084000000, 0x0000000084000000, 0x0000000084100000|  0%| F|  |TAMS 0x0000000084000000, 0x0000000084000000| Untracked 
|  65|0x0000000084100000, 0x0000000084100000, 0x0000000084200000|  0%| F|  |TAMS 0x0000000084100000, 0x0000000084100000| Untracked 
|  66|0x0000000084200000, 0x0000000084200000, 0x0000000084300000|  0%| F|  |TAMS 0x0000000084200000, 0x0000000084200000| Untracked 
|  67|0x0000000084300000, 0x0000000084300000, 0x0000000084400000|  0%| F|  |TAMS 0x0000000084300000, 0x0000000084300000| Untracked 
|  68|0x0000000084400000, 0x0000000084400000, 0x0000000084500000|  0%| F|  |TAMS 0x0000000084400000, 0x0000000084400000| Untracked 
|  69|0x0000000084500000, 0x0000000084500000, 0x0000000084600000|  0%| F|  |TAMS 0x0000000084500000, 0x0000000084500000| Untracked 
|  70|0x0000000084600000, 0x0000000084600000, 0x0000000084700000|  0%| F|  |TAMS 0x0000000084600000, 0x0000000084600000| Untracked 
|  71|0x0000000084700000, 0x0000000084700000, 0x0000000084800000|  0%| F|  |TAMS 0x0000000084700000, 0x0000000084700000| Untracked 
|  72|0x0000000084800000, 0x0000000084800000, 0x0000000084900000|  0%| F|  |TAMS 0x0000000084800000, 0x0000000084800000| Untracked 
|  73|0x0000000084900000, 0x0000000084900000, 0x0000000084a00000|  0%| F|  |TAMS 0x0000000084900000, 0x0000000084900000| Untracked 
|  74|0x0000000084a00000, 0x0000000084a00000, 0x0000000084b00000|  0%| F|  |TAMS 0x0000000084a00000, 0x0000000084a00000| Untracked 
|  75|0x0000000084b00000, 0x0000000084b00000, 0x0000000084c00000|  0%| F|  |TAMS 0x0000000084b00000, 0x0000000084b00000| Untracked 
|  76|0x0000000084c00000, 0x0000000084c00000, 0x0000000084d00000|  0%| F|  |TAMS 0x0000000084c00000, 0x0000000084c00000| Untracked 
|  77|0x0000000084d00000, 0x0000000084d00000, 0x0000000084e00000|  0%| F|  |TAMS 0x0000000084d00000, 0x0000000084d00000| Untracked 
|  78|0x0000000084e00000, 0x0000000084e00000, 0x0000000084f00000|  0%| F|  |TAMS 0x0000000084e00000, 0x0000000084e00000| Untracked 
|  79|0x0000000084f00000, 0x0000000084f00000, 0x0000000085000000|  0%| F|  |TAMS 0x0000000084f00000, 0x0000000084f00000| Untracked 
|  80|0x0000000085000000, 0x0000000085000000, 0x0000000085100000|  0%| F|  |TAMS 0x0000000085000000, 0x0000000085000000| Untracked 
|  81|0x0000000085100000, 0x0000000085100000, 0x0000000085200000|  0%| F|  |TAMS 0x0000000085100000, 0x0000000085100000| Untracked 
|  82|0x0000000085200000, 0x0000000085200000, 0x0000000085300000|  0%| F|  |TAMS 0x0000000085200000, 0x0000000085200000| Untracked 
|  83|0x0000000085300000, 0x0000000085300000, 0x0000000085400000|  0%| F|  |TAMS 0x0000000085300000, 0x0000000085300000| Untracked 
|  84|0x0000000085400000, 0x0000000085400000, 0x0000000085500000|  0%| F|  |TAMS 0x0000000085400000, 0x0000000085400000| Untracked 
|  85|0x0000000085500000, 0x0000000085500000, 0x0000000085600000|  0%| F|  |TAMS 0x0000000085500000, 0x0000000085500000| Untracked 
|  86|0x0000000085600000, 0x0000000085600000, 0x0000000085700000|  0%| F|  |TAMS 0x0000000085600000, 0x0000000085600000| Untracked 
|  87|0x0000000085700000, 0x0000000085700000, 0x0000000085800000|  0%| F|  |TAMS 0x0000000085700000, 0x0000000085700000| Untracked 
|  88|0x0000000085800000, 0x0000000085800000, 0x0000000085900000|  0%| F|  |TAMS 0x0000000085800000, 0x0000000085800000| Untracked 
|  89|0x0000000085900000, 0x0000000085900000, 0x0000000085a00000|  0%| F|  |TAMS 0x0000000085900000, 0x0000000085900000| Untracked 
|  90|0x0000000085a00000, 0x0000000085a00000, 0x0000000085b00000|  0%| F|  |TAMS 0x0000000085a00000, 0x0000000085a00000| Untracked 
|  91|0x0000000085b00000, 0x0000000085b00000, 0x0000000085c00000|  0%| F|  |TAMS 0x0000000085b00000, 0x0000000085b00000| Untracked 
|  92|0x0000000085c00000, 0x0000000085c00000, 0x0000000085d00000|  0%| F|  |TAMS 0x0000000085c00000, 0x0000000085c00000| Untracked 
|  93|0x0000000085d00000, 0x0000000085d00000, 0x0000000085e00000|  0%| F|  |TAMS 0x0000000085d00000, 0x0000000085d00000| Untracked 
|  94|0x0000000085e00000, 0x0000000085e00000, 0x0000000085f00000|  0%| F|  |TAMS 0x0000000085e00000, 0x0000000085e00000| Untracked 
|  95|0x0000000085f00000, 0x0000000085f00000, 0x0000000086000000|  0%| F|  |TAMS 0x0000000085f00000, 0x0000000085f00000| Untracked 
|  96|0x0000000086000000, 0x0000000086000000, 0x0000000086100000|  0%| F|  |TAMS 0x0000000086000000, 0x0000000086000000| Untracked 
|  97|0x0000000086100000, 0x0000000086100000, 0x0000000086200000|  0%| F|  |TAMS 0x0000000086100000, 0x0000000086100000| Untracked 
|  98|0x0000000086200000, 0x0000000086200000, 0x0000000086300000|  0%| F|  |TAMS 0x0000000086200000, 0x0000000086200000| Untracked 
|  99|0x0000000086300000, 0x0000000086300000, 0x0000000086400000|  0%| F|  |TAMS 0x0000000086300000, 0x0000000086300000| Untracked 
| 100|0x0000000086400000, 0x0000000086400000, 0x0000000086500000|  0%| F|  |TAMS 0x0000000086400000, 0x0000000086400000| Untracked 
| 101|0x0000000086500000, 0x0000000086500000, 0x0000000086600000|  0%| F|  |TAMS 0x0000000086500000, 0x0000000086500000| Untracked 
| 102|0x0000000086600000, 0x0000000086600000, 0x0000000086700000|  0%| F|  |TAMS 0x0000000086600000, 0x0000000086600000| Untracked 
| 103|0x0000000086700000, 0x0000000086700000, 0x0000000086800000|  0%| F|  |TAMS 0x0000000086700000, 0x0000000086700000| Untracked 
| 104|0x0000000086800000, 0x0000000086800000, 0x0000000086900000|  0%| F|  |TAMS 0x0000000086800000, 0x0000000086800000| Untracked 
| 105|0x0000000086900000, 0x0000000086900000, 0x0000000086a00000|  0%| F|  |TAMS 0x0000000086900000, 0x0000000086900000| Untracked 
| 106|0x0000000086a00000, 0x0000000086a00000, 0x0000000086b00000|  0%| F|  |TAMS 0x0000000086a00000, 0x0000000086a00000| Untracked 
| 107|0x0000000086b00000, 0x0000000086b00000, 0x0000000086c00000|  0%| F|  |TAMS 0x0000000086b00000, 0x0000000086b00000| Untracked 
| 108|0x0000000086c00000, 0x0000000086c00000, 0x0000000086d00000|  0%| F|  |TAMS 0x0000000086c00000, 0x0000000086c00000| Untracked 
| 109|0x0000000086d00000, 0x0000000086d00000, 0x0000000086e00000|  0%| F|  |TAMS 0x0000000086d00000, 0x0000000086d00000| Untracked 
| 110|0x0000000086e00000, 0x0000000086e00000, 0x0000000086f00000|  0%| F|  |TAMS 0x0000000086e00000, 0x0000000086e00000| Untracked 
| 111|0x0000000086f00000, 0x0000000086f00000, 0x0000000087000000|  0%| F|  |TAMS 0x0000000086f00000, 0x0000000086f00000| Untracked 
| 112|0x0000000087000000, 0x0000000087000000, 0x0000000087100000|  0%| F|  |TAMS 0x0000000087000000, 0x0000000087000000| Untracked 
| 113|0x0000000087100000, 0x0000000087100000, 0x0000000087200000|  0%| F|  |TAMS 0x0000000087100000, 0x0000000087100000| Untracked 
| 114|0x0000000087200000, 0x0000000087200000, 0x0000000087300000|  0%| F|  |TAMS 0x0000000087200000, 0x0000000087200000| Untracked 
| 115|0x0000000087300000, 0x0000000087300000, 0x0000000087400000|  0%| F|  |TAMS 0x0000000087300000, 0x0000000087300000| Untracked 
| 116|0x0000000087400000, 0x0000000087400000, 0x0000000087500000|  0%| F|  |TAMS 0x0000000087400000, 0x0000000087400000| Untracked 
| 117|0x0000000087500000, 0x0000000087500000, 0x0000000087600000|  0%| F|  |TAMS 0x0000000087500000, 0x0000000087500000| Untracked 
| 118|0x0000000087600000, 0x0000000087600000, 0x0000000087700000|  0%| F|  |TAMS 0x0000000087600000, 0x0000000087600000| Untracked 
| 119|0x0000000087700000, 0x0000000087700000, 0x0000000087800000|  0%| F|  |TAMS 0x0000000087700000, 0x0000000087700000| Untracked 
| 120|0x0000000087800000, 0x0000000087800000, 0x0000000087900000|  0%| F|  |TAMS 0x0000000087800000, 0x0000000087800000| Untracked 
| 121|0x0000000087900000, 0x0000000087900000, 0x0000000087a00000|  0%| F|  |TAMS 0x0000000087900000, 0x0000000087900000| Untracked 
| 122|0x0000000087a00000, 0x0000000087a00000, 0x0000000087b00000|  0%| F|  |TAMS 0x0000000087a00000, 0x0000000087a00000| Untracked 
| 123|0x0000000087b00000, 0x0000000087b00000, 0x0000000087c00000|  0%| F|  |TAMS 0x0000000087b00000, 0x0000000087b00000| Untracked 
| 124|0x0000000087c00000, 0x0000000087c00000, 0x0000000087d00000|  0%| F|  |TAMS 0x0000000087c00000, 0x0000000087c00000| Untracked 
| 125|0x0000000087d00000, 0x0000000087d00000, 0x0000000087e00000|  0%| F|  |TAMS 0x0000000087d00000, 0x0000000087d00000| Untracked 
| 126|0x0000000087e00000, 0x0000000087e00000, 0x0000000087f00000|  0%| F|  |TAMS 0x0000000087e00000, 0x0000000087e00000| Untracked 
| 127|0x0000000087f00000, 0x0000000087f00000, 0x0000000088000000|  0%| F|  |TAMS 0x0000000087f00000, 0x0000000087f00000| Untracked 
| 128|0x0000000088000000, 0x0000000088000000, 0x0000000088100000|  0%| F|  |TAMS 0x0000000088000000, 0x0000000088000000| Untracked 
| 129|0x0000000088100000, 0x0000000088100000, 0x0000000088200000|  0%| F|  |TAMS 0x0000000088100000, 0x0000000088100000| Untracked 
| 130|0x0000000088200000, 0x0000000088200000, 0x0000000088300000|  0%| F|  |TAMS 0x0000000088200000, 0x0000000088200000| Untracked 
| 131|0x0000000088300000, 0x0000000088300000, 0x0000000088400000|  0%| F|  |TAMS 0x0000000088300000, 0x0000000088300000| Untracked 
| 132|0x0000000088400000, 0x0000000088400000, 0x0000000088500000|  0%| F|  |TAMS 0x0000000088400000, 0x0000000088400000| Untracked 
| 133|0x0000000088500000, 0x0000000088500000, 0x0000000088600000|  0%| F|  |TAMS 0x0000000088500000, 0x0000000088500000| Untracked 
| 134|0x0000000088600000, 0x0000000088600000, 0x0000000088700000|  0%| F|  |TAMS 0x0000000088600000, 0x0000000088600000| Untracked 
| 135|0x0000000088700000, 0x0000000088700000, 0x0000000088800000|  0%| F|  |TAMS 0x0000000088700000, 0x0000000088700000| Untracked 
| 136|0x0000000088800000, 0x0000000088800000, 0x0000000088900000|  0%| F|  |TAMS 0x0000000088800000, 0x0000000088800000| Untracked 
| 137|0x0000000088900000, 0x0000000088900000, 0x0000000088a00000|  0%| F|  |TAMS 0x0000000088900000, 0x0000000088900000| Untracked 
| 138|0x0000000088a00000, 0x0000000088a00000, 0x0000000088b00000|  0%| F|  |TAMS 0x0000000088a00000, 0x0000000088a00000| Untracked 
| 139|0x0000000088b00000, 0x0000000088b00000, 0x0000000088c00000|  0%| F|  |TAMS 0x0000000088b00000, 0x0000000088b00000| Untracked 
| 140|0x0000000088c00000, 0x0000000088c00000, 0x0000000088d00000|  0%| F|  |TAMS 0x0000000088c00000, 0x0000000088c00000| Untracked 
| 141|0x0000000088d00000, 0x0000000088d00000, 0x0000000088e00000|  0%| F|  |TAMS 0x0000000088d00000, 0x0000000088d00000| Untracked 
| 142|0x0000000088e00000, 0x0000000088e00000, 0x0000000088f00000|  0%| F|  |TAMS 0x0000000088e00000, 0x0000000088e00000| Untracked 
| 143|0x0000000088f00000, 0x0000000088f00000, 0x0000000089000000|  0%| F|  |TAMS 0x0000000088f00000, 0x0000000088f00000| Untracked 
| 144|0x0000000089000000, 0x0000000089000000, 0x0000000089100000|  0%| F|  |TAMS 0x0000000089000000, 0x0000000089000000| Untracked 
| 145|0x0000000089100000, 0x0000000089100000, 0x0000000089200000|  0%| F|  |TAMS 0x0000000089100000, 0x0000000089100000| Untracked 
| 146|0x0000000089200000, 0x0000000089200000, 0x0000000089300000|  0%| F|  |TAMS 0x0000000089200000, 0x0000000089200000| Untracked 
| 147|0x0000000089300000, 0x0000000089300000, 0x0000000089400000|  0%| F|  |TAMS 0x0000000089300000, 0x0000000089300000| Untracked 
| 148|0x0000000089400000, 0x0000000089400000, 0x0000000089500000|  0%| F|  |TAMS 0x0000000089400000, 0x0000000089400000| Untracked 
| 149|0x0000000089500000, 0x0000000089500000, 0x0000000089600000|  0%| F|  |TAMS 0x0000000089500000, 0x0000000089500000| Untracked 
| 150|0x0000000089600000, 0x0000000089600000, 0x0000000089700000|  0%| F|  |TAMS 0x0000000089600000, 0x0000000089600000| Untracked 
| 151|0x0000000089700000, 0x0000000089700000, 0x0000000089800000|  0%| F|  |TAMS 0x0000000089700000, 0x0000000089700000| Untracked 
| 152|0x0000000089800000, 0x0000000089800000, 0x0000000089900000|  0%| F|  |TAMS 0x0000000089800000, 0x0000000089800000| Untracked 
| 153|0x0000000089900000, 0x0000000089900000, 0x0000000089a00000|  0%| F|  |TAMS 0x0000000089900000, 0x0000000089900000| Untracked 
| 154|0x0000000089a00000, 0x0000000089a00000, 0x0000000089b00000|  0%| F|  |TAMS 0x0000000089a00000, 0x0000000089a00000| Untracked 
| 155|0x0000000089b00000, 0x0000000089b00000, 0x0000000089c00000|  0%| F|  |TAMS 0x0000000089b00000, 0x0000000089b00000| Untracked 
| 156|0x0000000089c00000, 0x0000000089c00000, 0x0000000089d00000|  0%| F|  |TAMS 0x0000000089c00000, 0x0000000089c00000| Untracked 
| 157|0x0000000089d00000, 0x0000000089d00000, 0x0000000089e00000|  0%| F|  |TAMS 0x0000000089d00000, 0x0000000089d00000| Untracked 
| 158|0x0000000089e00000, 0x0000000089e00000, 0x0000000089f00000|  0%| F|  |TAMS 0x0000000089e00000, 0x0000000089e00000| Untracked 
| 159|0x0000000089f00000, 0x0000000089f00000, 0x000000008a000000|  0%| F|  |TAMS 0x0000000089f00000, 0x0000000089f00000| Untracked 
| 160|0x000000008a000000, 0x000000008a000000, 0x000000008a100000|  0%| F|  |TAMS 0x000000008a000000, 0x000000008a000000| Untracked 
| 161|0x000000008a100000, 0x000000008a100000, 0x000000008a200000|  0%| F|  |TAMS 0x000000008a100000, 0x000000008a100000| Untracked 
| 162|0x000000008a200000, 0x000000008a200000, 0x000000008a300000|  0%| F|  |TAMS 0x000000008a200000, 0x000000008a200000| Untracked 
| 163|0x000000008a300000, 0x000000008a300000, 0x000000008a400000|  0%| F|  |TAMS 0x000000008a300000, 0x000000008a300000| Untracked 
| 164|0x000000008a400000, 0x000000008a400000, 0x000000008a500000|  0%| F|  |TAMS 0x000000008a400000, 0x000000008a400000| Untracked 
| 165|0x000000008a500000, 0x000000008a500000, 0x000000008a600000|  0%| F|  |TAMS 0x000000008a500000, 0x000000008a500000| Untracked 
| 166|0x000000008a600000, 0x000000008a600000, 0x000000008a700000|  0%| F|  |TAMS 0x000000008a600000, 0x000000008a600000| Untracked 
| 167|0x000000008a700000, 0x000000008a700000, 0x000000008a800000|  0%| F|  |TAMS 0x000000008a700000, 0x000000008a700000| Untracked 
| 168|0x000000008a800000, 0x000000008a800000, 0x000000008a900000|  0%| F|  |TAMS 0x000000008a800000, 0x000000008a800000| Untracked 
| 169|0x000000008a900000, 0x000000008a900000, 0x000000008aa00000|  0%| F|  |TAMS 0x000000008a900000, 0x000000008a900000| Untracked 
| 170|0x000000008aa00000, 0x000000008aa00000, 0x000000008ab00000|  0%| F|  |TAMS 0x000000008aa00000, 0x000000008aa00000| Untracked 
| 171|0x000000008ab00000, 0x000000008ab00000, 0x000000008ac00000|  0%| F|  |TAMS 0x000000008ab00000, 0x000000008ab00000| Untracked 
| 172|0x000000008ac00000, 0x000000008ac00000, 0x000000008ad00000|  0%| F|  |TAMS 0x000000008ac00000, 0x000000008ac00000| Untracked 
| 173|0x000000008ad00000, 0x000000008ad00000, 0x000000008ae00000|  0%| F|  |TAMS 0x000000008ad00000, 0x000000008ad00000| Untracked 
| 174|0x000000008ae00000, 0x000000008ae00000, 0x000000008af00000|  0%| F|  |TAMS 0x000000008ae00000, 0x000000008ae00000| Untracked 
| 175|0x000000008af00000, 0x000000008af00000, 0x000000008b000000|  0%| F|  |TAMS 0x000000008af00000, 0x000000008af00000| Untracked 
| 176|0x000000008b000000, 0x000000008b000000, 0x000000008b100000|  0%| F|  |TAMS 0x000000008b000000, 0x000000008b000000| Untracked 
| 177|0x000000008b100000, 0x000000008b100000, 0x000000008b200000|  0%| F|  |TAMS 0x000000008b100000, 0x000000008b100000| Untracked 
| 178|0x000000008b200000, 0x000000008b200000, 0x000000008b300000|  0%| F|  |TAMS 0x000000008b200000, 0x000000008b200000| Untracked 
| 179|0x000000008b300000, 0x000000008b300000, 0x000000008b400000|  0%| F|  |TAMS 0x000000008b300000, 0x000000008b300000| Untracked 
| 180|0x000000008b400000, 0x000000008b400000, 0x000000008b500000|  0%| F|  |TAMS 0x000000008b400000, 0x000000008b400000| Untracked 
| 181|0x000000008b500000, 0x000000008b500000, 0x000000008b600000|  0%| F|  |TAMS 0x000000008b500000, 0x000000008b500000| Untracked 
| 182|0x000000008b600000, 0x000000008b600000, 0x000000008b700000|  0%| F|  |TAMS 0x000000008b600000, 0x000000008b600000| Untracked 
| 183|0x000000008b700000, 0x000000008b700000, 0x000000008b800000|  0%| F|  |TAMS 0x000000008b700000, 0x000000008b700000| Untracked 
| 184|0x000000008b800000, 0x000000008b800000, 0x000000008b900000|  0%| F|  |TAMS 0x000000008b800000, 0x000000008b800000| Untracked 
| 185|0x000000008b900000, 0x000000008b900000, 0x000000008ba00000|  0%| F|  |TAMS 0x000000008b900000, 0x000000008b900000| Untracked 
| 186|0x000000008ba00000, 0x000000008ba00000, 0x000000008bb00000|  0%| F|  |TAMS 0x000000008ba00000, 0x000000008ba00000| Untracked 
| 187|0x000000008bb00000, 0x000000008bb00000, 0x000000008bc00000|  0%| F|  |TAMS 0x000000008bb00000, 0x000000008bb00000| Untracked 
| 188|0x000000008bc00000, 0x000000008bc00000, 0x000000008bd00000|  0%| F|  |TAMS 0x000000008bc00000, 0x000000008bc00000| Untracked 
| 189|0x000000008bd00000, 0x000000008bd00000, 0x000000008be00000|  0%| F|  |TAMS 0x000000008bd00000, 0x000000008bd00000| Untracked 
| 190|0x000000008be00000, 0x000000008be00000, 0x000000008bf00000|  0%| F|  |TAMS 0x000000008be00000, 0x000000008be00000| Untracked 
| 191|0x000000008bf00000, 0x000000008bf00000, 0x000000008c000000|  0%| F|  |TAMS 0x000000008bf00000, 0x000000008bf00000| Untracked 
| 192|0x000000008c000000, 0x000000008c000000, 0x000000008c100000|  0%| F|  |TAMS 0x000000008c000000, 0x000000008c000000| Untracked 
| 193|0x000000008c100000, 0x000000008c100000, 0x000000008c200000|  0%| F|  |TAMS 0x000000008c100000, 0x000000008c100000| Untracked 
| 194|0x000000008c200000, 0x000000008c200000, 0x000000008c300000|  0%| F|  |TAMS 0x000000008c200000, 0x000000008c200000| Untracked 
| 195|0x000000008c300000, 0x000000008c300000, 0x000000008c400000|  0%| F|  |TAMS 0x000000008c300000, 0x000000008c300000| Untracked 
| 196|0x000000008c400000, 0x000000008c400000, 0x000000008c500000|  0%| F|  |TAMS 0x000000008c400000, 0x000000008c400000| Untracked 
| 197|0x000000008c500000, 0x000000008c500000, 0x000000008c600000|  0%| F|  |TAMS 0x000000008c500000, 0x000000008c500000| Untracked 
| 198|0x000000008c600000, 0x000000008c600000, 0x000000008c700000|  0%| F|  |TAMS 0x000000008c600000, 0x000000008c600000| Untracked 
| 199|0x000000008c700000, 0x000000008c700000, 0x000000008c800000|  0%| F|  |TAMS 0x000000008c700000, 0x000000008c700000| Untracked 
| 200|0x000000008c800000, 0x000000008c800000, 0x000000008c900000|  0%| F|  |TAMS 0x000000008c800000, 0x000000008c800000| Untracked 
| 201|0x000000008c900000, 0x000000008c900000, 0x000000008ca00000|  0%| F|  |TAMS 0x000000008c900000, 0x000000008c900000| Untracked 
| 202|0x000000008ca00000, 0x000000008ca00000, 0x000000008cb00000|  0%| F|  |TAMS 0x000000008ca00000, 0x000000008ca00000| Untracked 
| 203|0x000000008cb00000, 0x000000008cb00000, 0x000000008cc00000|  0%| F|  |TAMS 0x000000008cb00000, 0x000000008cb00000| Untracked 
| 204|0x000000008cc00000, 0x000000008cc00000, 0x000000008cd00000|  0%| F|  |TAMS 0x000000008cc00000, 0x000000008cc00000| Untracked 
| 205|0x000000008cd00000, 0x000000008cd00000, 0x000000008ce00000|  0%| F|  |TAMS 0x000000008cd00000, 0x000000008cd00000| Untracked 
| 206|0x000000008ce00000, 0x000000008ce00000, 0x000000008cf00000|  0%| F|  |TAMS 0x000000008ce00000, 0x000000008ce00000| Untracked 
| 207|0x000000008cf00000, 0x000000008cf00000, 0x000000008d000000|  0%| F|  |TAMS 0x000000008cf00000, 0x000000008cf00000| Untracked 
| 208|0x000000008d000000, 0x000000008d000000, 0x000000008d100000|  0%| F|  |TAMS 0x000000008d000000, 0x000000008d000000| Untracked 
| 209|0x000000008d100000, 0x000000008d100000, 0x000000008d200000|  0%| F|  |TAMS 0x000000008d100000, 0x000000008d100000| Untracked 
| 210|0x000000008d200000, 0x000000008d200000, 0x000000008d300000|  0%| F|  |TAMS 0x000000008d200000, 0x000000008d200000| Untracked 
| 211|0x000000008d300000, 0x000000008d300000, 0x000000008d400000|  0%| F|  |TAMS 0x000000008d300000, 0x000000008d300000| Untracked 
| 212|0x000000008d400000, 0x000000008d400000, 0x000000008d500000|  0%| F|  |TAMS 0x000000008d400000, 0x000000008d400000| Untracked 
| 213|0x000000008d500000, 0x000000008d500000, 0x000000008d600000|  0%| F|  |TAMS 0x000000008d500000, 0x000000008d500000| Untracked 
| 214|0x000000008d600000, 0x000000008d600000, 0x000000008d700000|  0%| F|  |TAMS 0x000000008d600000, 0x000000008d600000| Untracked 
| 215|0x000000008d700000, 0x000000008d700000, 0x000000008d800000|  0%| F|  |TAMS 0x000000008d700000, 0x000000008d700000| Untracked 
| 216|0x000000008d800000, 0x000000008d8a4678, 0x000000008d900000| 64%| S|CS|TAMS 0x000000008d800000, 0x000000008d800000| Complete 
| 217|0x000000008d900000, 0x000000008da00000, 0x000000008da00000|100%| S|CS|TAMS 0x000000008d900000, 0x000000008d900000| Complete 
| 218|0x000000008da00000, 0x000000008da00000, 0x000000008db00000|  0%| F|  |TAMS 0x000000008da00000, 0x000000008da00000| Untracked 
| 219|0x000000008db00000, 0x000000008db00000, 0x000000008dc00000|  0%| F|  |TAMS 0x000000008db00000, 0x000000008db00000| Untracked 
| 220|0x000000008dc00000, 0x000000008dc00000, 0x000000008dd00000|  0%| F|  |TAMS 0x000000008dc00000, 0x000000008dc00000| Untracked 
| 221|0x000000008dd00000, 0x000000008dd00000, 0x000000008de00000|  0%| F|  |TAMS 0x000000008dd00000, 0x000000008dd00000| Untracked 
| 222|0x000000008de00000, 0x000000008de00000, 0x000000008df00000|  0%| F|  |TAMS 0x000000008de00000, 0x000000008de00000| Untracked 
| 223|0x000000008df00000, 0x000000008df00000, 0x000000008e000000|  0%| F|  |TAMS 0x000000008df00000, 0x000000008df00000| Untracked 
| 224|0x000000008e000000, 0x000000008e000000, 0x000000008e100000|  0%| F|  |TAMS 0x000000008e000000, 0x000000008e000000| Untracked 
| 225|0x000000008e100000, 0x000000008e100000, 0x000000008e200000|  0%| F|  |TAMS 0x000000008e100000, 0x000000008e100000| Untracked 
| 226|0x000000008e200000, 0x000000008e200000, 0x000000008e300000|  0%| F|  |TAMS 0x000000008e200000, 0x000000008e200000| Untracked 
| 227|0x000000008e300000, 0x000000008e300000, 0x000000008e400000|  0%| F|  |TAMS 0x000000008e300000, 0x000000008e300000| Untracked 
| 228|0x000000008e400000, 0x000000008e400000, 0x000000008e500000|  0%| F|  |TAMS 0x000000008e400000, 0x000000008e400000| Untracked 
| 229|0x000000008e500000, 0x000000008e500000, 0x000000008e600000|  0%| F|  |TAMS 0x000000008e500000, 0x000000008e500000| Untracked 
| 230|0x000000008e600000, 0x000000008e600000, 0x000000008e700000|  0%| F|  |TAMS 0x000000008e600000, 0x000000008e600000| Untracked 
| 231|0x000000008e700000, 0x000000008e700000, 0x000000008e800000|  0%| F|  |TAMS 0x000000008e700000, 0x000000008e700000| Untracked 
| 232|0x000000008e800000, 0x000000008e800000, 0x000000008e900000|  0%| F|  |TAMS 0x000000008e800000, 0x000000008e800000| Untracked 
| 233|0x000000008e900000, 0x000000008e900000, 0x000000008ea00000|  0%| F|  |TAMS 0x000000008e900000, 0x000000008e900000| Untracked 
| 234|0x000000008ea00000, 0x000000008ea00000, 0x000000008eb00000|  0%| F|  |TAMS 0x000000008ea00000, 0x000000008ea00000| Untracked 
| 235|0x000000008eb00000, 0x000000008eb00000, 0x000000008ec00000|  0%| F|  |TAMS 0x000000008eb00000, 0x000000008eb00000| Untracked 
| 236|0x000000008ec00000, 0x000000008ecec848, 0x000000008ed00000| 92%| E|  |TAMS 0x000000008ec00000, 0x000000008ec00000| Complete 
| 237|0x000000008ed00000, 0x000000008ee00000, 0x000000008ee00000|100%| E|CS|TAMS 0x000000008ed00000, 0x000000008ed00000| Complete 
| 238|0x000000008ee00000, 0x000000008ef00000, 0x000000008ef00000|100%| E|CS|TAMS 0x000000008ee00000, 0x000000008ee00000| Complete 
| 239|0x000000008ef00000, 0x000000008f000000, 0x000000008f000000|100%| E|CS|TAMS 0x000000008ef00000, 0x000000008ef00000| Complete 
| 240|0x000000008f000000, 0x000000008f100000, 0x000000008f100000|100%| E|CS|TAMS 0x000000008f000000, 0x000000008f000000| Complete 
| 241|0x000000008f100000, 0x000000008f200000, 0x000000008f200000|100%| E|CS|TAMS 0x000000008f100000, 0x000000008f100000| Complete 
| 242|0x000000008f200000, 0x000000008f300000, 0x000000008f300000|100%| E|CS|TAMS 0x000000008f200000, 0x000000008f200000| Complete 
| 243|0x000000008f300000, 0x000000008f400000, 0x000000008f400000|100%| E|CS|TAMS 0x000000008f300000, 0x000000008f300000| Complete 
| 244|0x000000008f400000, 0x000000008f500000, 0x000000008f500000|100%| E|CS|TAMS 0x000000008f400000, 0x000000008f400000| Complete 
| 245|0x000000008f500000, 0x000000008f600000, 0x000000008f600000|100%| E|CS|TAMS 0x000000008f500000, 0x000000008f500000| Complete 
| 246|0x000000008f600000, 0x000000008f700000, 0x000000008f700000|100%| E|CS|TAMS 0x000000008f600000, 0x000000008f600000| Complete 
| 247|0x000000008f700000, 0x000000008f800000, 0x000000008f800000|100%| E|CS|TAMS 0x000000008f700000, 0x000000008f700000| Complete 
| 248|0x000000008f800000, 0x000000008f900000, 0x000000008f900000|100%| E|CS|TAMS 0x000000008f800000, 0x000000008f800000| Complete 
| 249|0x000000008f900000, 0x000000008fa00000, 0x000000008fa00000|100%| E|CS|TAMS 0x000000008f900000, 0x000000008f900000| Complete 
| 250|0x000000008fa00000, 0x000000008fb00000, 0x000000008fb00000|100%| E|CS|TAMS 0x000000008fa00000, 0x000000008fa00000| Complete 
| 251|0x000000008fb00000, 0x000000008fc00000, 0x000000008fc00000|100%| E|CS|TAMS 0x000000008fb00000, 0x000000008fb00000| Complete 
| 252|0x000000008fc00000, 0x000000008fd00000, 0x000000008fd00000|100%| E|CS|TAMS 0x000000008fc00000, 0x000000008fc00000| Complete 
| 253|0x000000008fd00000, 0x000000008fe00000, 0x000000008fe00000|100%| E|CS|TAMS 0x000000008fd00000, 0x000000008fd00000| Complete 

Card table byte_map: [0x00000272c3500000,0x00000272c3900000] _byte_map_base: 0x00000272c3100000

Marking Bits (Prev, Next): (CMBitMap*) 0x00000272afbeb1a0, (CMBitMap*) 0x00000272afbeb168
 Prev Bits: [0x00000272c5d00000, 0x00000272c7d00000)
 Next Bits: [0x00000272c3d00000, 0x00000272c5d00000)

Polling page: 0x00000272ae2f0000

Metaspace:

Usage:
  Non-class:     22.49 MB capacity,    22.07 MB ( 98%) used,   372.20 KB (  2%) free+waste,    55.88 KB ( <1%) overhead. 
      Class:      3.56 MB capacity,     3.33 MB ( 93%) used,   208.98 KB (  6%) free+waste,    28.31 KB ( <1%) overhead. 
       Both:     26.05 MB capacity,    25.40 MB ( 98%) used,   581.18 KB (  2%) free+waste,    84.19 KB ( <1%) overhead. 

Virtual space:
  Non-class space:       24.00 MB reserved,      22.50 MB ( 94%) committed 
      Class space:        1.00 GB reserved,       3.63 MB ( <1%) committed 
             Both:        1.02 GB reserved,      26.13 MB (  2%) committed 

Chunk freelists:
   Non-Class:  12.00 KB
       Class:  0 bytes
        Both:  12.00 KB

MaxMetaspaceSize: 17179869184.00 GB
CompressedClassSpaceSize: 1.00 GB

CodeHeap 'non-profiled nmethods': size=120000Kb used=1169Kb max_used=1169Kb free=118830Kb
 bounds [0x00000272bb170000, 0x00000272bb3e0000, 0x00000272c26a0000]
CodeHeap 'profiled nmethods': size=120000Kb used=4832Kb max_used=4832Kb free=115167Kb
 bounds [0x00000272b3c40000, 0x00000272b4100000, 0x00000272bb170000]
CodeHeap 'non-nmethods': size=5760Kb used=1154Kb max_used=1193Kb free=4605Kb
 bounds [0x00000272b36a0000, 0x00000272b3910000, 0x00000272b3c40000]
 total_blobs=2824 nmethods=2321 adapters=414
 compilation: enabled
              stopped_count=0, restarted_count=0
 full_count=0

Compilation events (20 events):
Event: 4.809 Thread 0x00000272cb036800 2311       3       java.lang.invoke.VarHandleGuards::guard_LI_L (74 bytes)
Event: 4.809 Thread 0x00000272cdd9b800 nmethod 2308 0x00000272bb291710 code [0x00000272bb2918a0, 0x00000272bb291918]
Event: 4.809 Thread 0x00000272cdd9b800 2309       4       sun.security.provider.MD5::II (31 bytes)
Event: 4.809 Thread 0x00000272cdd9b800 nmethod 2309 0x00000272bb291990 code [0x00000272bb291b20, 0x00000272bb291b98]
Event: 4.810 Thread 0x00000272cb036800 nmethod 2311 0x00000272b40f4f10 code [0x00000272b40f5200, 0x00000272b40f6448]
Event: 4.810 Thread 0x00000272cb036800 2313       3       com.google.common.collect.Hashing::smearedHash (16 bytes)
Event: 4.811 Thread 0x00000272cb036800 nmethod 2313 0x00000272b40f6a90 code [0x00000272b40f6c60, 0x00000272b40f6f48]
Event: 4.811 Thread 0x00000272cb036800 2314       1       com.google.common.cache.LocalCache$StrongEntry::getNext (5 bytes)
Event: 4.811 Thread 0x00000272cb036800 nmethod 2314 0x00000272bb291c10 code [0x00000272bb291dc0, 0x00000272bb291e78]
Event: 4.811 Thread 0x00000272cb036800 2315       1       org.gradle.cache.internal.btree.BlockPayload::getBlock (5 bytes)
Event: 4.811 Thread 0x00000272cb036800 nmethod 2315 0x00000272bb291f10 code [0x00000272bb2920c0, 0x00000272bb292178]
Event: 4.823 Thread 0x00000272cb036800 2316       3       java.util.concurrent.locks.AbstractQueuedSynchronizer::isOnSyncQueue (33 bytes)
Event: 4.823 Thread 0x00000272cb036800 nmethod 2316 0x00000272b40f7090 code [0x00000272b40f7260, 0x00000272b40f75b8]
Event: 4.845 Thread 0x00000272cdd9b800 2317 %     4       java.util.Arrays::fill @ 5 (21 bytes)
Event: 4.852 Thread 0x00000272cdd9b800 nmethod 2317% 0x00000272bb292210 code [0x00000272bb2923a0, 0x00000272bb292598]
Event: 4.852 Thread 0x00000272cdd9b800 2318       4       java.lang.StringLatin1::toUpperCase (180 bytes)
Event: 4.858 Thread 0x00000272cb036800 2320       1       java.io.ObjectStreamClass$WeakClassKey::hashCode (5 bytes)
Event: 4.858 Thread 0x00000272cb036800 nmethod 2320 0x00000272bb292690 code [0x00000272bb292840, 0x00000272bb2928f8]
Event: 4.859 Thread 0x00000272cb036800 2322       3       com.google.common.collect.RegularImmutableSet::contains (56 bytes)
Event: 4.860 Thread 0x00000272cb036800 nmethod 2322 0x00000272b40f7710 code [0x00000272b40f7920, 0x00000272b40f7f58]

GC Heap History (6 events):
Event: 1.019 GC heap before
{Heap before GC invocations=0 (full 0):
 garbage-first heap   total 260096K, used 29696K [0x0000000080000000, 0x0000000100000000)
  region size 1024K, 24 young (24576K), 0 survivors (0K)
 Metaspace       used 9794K, capacity 9986K, committed 10112K, reserved 1058816K
  class space    used 1022K, capacity 1102K, committed 1152K, reserved 1048576K
}
Event: 1.028 GC heap after
{Heap after GC invocations=1 (full 0):
 garbage-first heap   total 260096K, used 9017K [0x0000000080000000, 0x0000000100000000)
  region size 1024K, 3 young (3072K), 3 survivors (3072K)
 Metaspace       used 9794K, capacity 9986K, committed 10112K, reserved 1058816K
  class space    used 1022K, capacity 1102K, committed 1152K, reserved 1048576K
}
Event: 3.898 GC heap before
{Heap before GC invocations=1 (full 0):
 garbage-first heap   total 260096K, used 104249K [0x0000000080000000, 0x0000000100000000)
  region size 1024K, 97 young (99328K), 3 survivors (3072K)
 Metaspace       used 20571K, capacity 21085K, committed 21248K, reserved 1067008K
  class space    used 2514K, capacity 2699K, committed 2816K, reserved 1048576K
}
Event: 3.910 GC heap after
{Heap after GC invocations=2 (full 0):
 garbage-first heap   total 260096K, used 16913K [0x0000000080000000, 0x0000000100000000)
  region size 1024K, 11 young (11264K), 11 survivors (11264K)
 Metaspace       used 20571K, capacity 21085K, committed 21248K, reserved 1067008K
  class space    used 2514K, capacity 2699K, committed 2816K, reserved 1048576K
}
Event: 4.462 GC heap before
{Heap before GC invocations=3 (full 0):
 garbage-first heap   total 260096K, used 53777K [0x0000000080000000, 0x0000000100000000)
  region size 1024K, 47 young (48128K), 11 survivors (11264K)
 Metaspace       used 24254K, capacity 24819K, committed 24960K, reserved 1071104K
  class space    used 3122K, capacity 3330K, committed 3456K, reserved 1048576K
}
Event: 4.470 GC heap after
{Heap after GC invocations=4 (full 0):
 garbage-first heap   total 260096K, used 17736K [0x0000000080000000, 0x0000000100000000)
  region size 1024K, 2 young (2048K), 2 survivors (2048K)
 Metaspace       used 24254K, capacity 24819K, committed 24960K, reserved 1071104K
  class space    used 3122K, capacity 3330K, committed 3456K, reserved 1048576K
}

Deoptimization events (20 events):
Event: 4.647 Thread 0x00000272cd98a800 Uncommon trap: trap_request=0xffffff4d fr.pc=0x00000272bb18d6e8 relative=0x0000000000000048
Event: 4.647 Thread 0x00000272cd98a800 Uncommon trap: reason=unstable_if action=reinterpret pc=0x00000272bb18d6e8 method=java.net.URI.match(CJJ)Z @ 19 c2
Event: 4.647 Thread 0x00000272cd98a800 DEOPT PACKING pc=0x00000272bb18d6e8 sp=0x000000e913afb880
Event: 4.647 Thread 0x00000272cd98a800 DEOPT UNPACKING pc=0x00000272b36c78af sp=0x000000e913afb830 mode 2
Event: 4.778 Thread 0x00000272cd98a800 Uncommon trap: trap_request=0xffffffc6 fr.pc=0x00000272bb27dfec relative=0x0000000000003dcc
Event: 4.778 Thread 0x00000272cd98a800 Uncommon trap: reason=bimorphic_or_optimized_type_check action=maybe_recompile pc=0x00000272bb27dfec method=java.lang.ClassLoader.loadClass(Ljava/lang/String;Z)Ljava/lang/Class; @ 38 c2
Event: 4.778 Thread 0x00000272cd98a800 DEOPT PACKING pc=0x00000272bb27dfec sp=0x000000e913afb8b0
Event: 4.778 Thread 0x00000272cd98a800 DEOPT UNPACKING pc=0x00000272b36c78af sp=0x000000e913afb900 mode 2
Event: 4.852 Thread 0x00000272cd98a800 Uncommon trap: trap_request=0xffffffc6 fr.pc=0x00000272bb27dfec relative=0x0000000000003dcc
Event: 4.852 Thread 0x00000272cd98a800 Uncommon trap: reason=bimorphic_or_optimized_type_check action=maybe_recompile pc=0x00000272bb27dfec method=java.lang.ClassLoader.loadClass(Ljava/lang/String;Z)Ljava/lang/Class; @ 38 c2
Event: 4.852 Thread 0x00000272cd98a800 DEOPT PACKING pc=0x00000272bb27dfec sp=0x000000e913af8580
Event: 4.852 Thread 0x00000272cd98a800 DEOPT UNPACKING pc=0x00000272b36c78af sp=0x000000e913af85d0 mode 2
Event: 4.854 Thread 0x00000272cd98a800 Uncommon trap: trap_request=0xffffffc6 fr.pc=0x00000272bb27dfec relative=0x0000000000003dcc
Event: 4.855 Thread 0x00000272cd98a800 Uncommon trap: reason=bimorphic_or_optimized_type_check action=maybe_recompile pc=0x00000272bb27dfec method=java.lang.ClassLoader.loadClass(Ljava/lang/String;Z)Ljava/lang/Class; @ 38 c2
Event: 4.855 Thread 0x00000272cd98a800 DEOPT PACKING pc=0x00000272bb27dfec sp=0x000000e913af8810
Event: 4.855 Thread 0x00000272cd98a800 DEOPT UNPACKING pc=0x00000272b36c78af sp=0x000000e913af8860 mode 2
Event: 4.855 Thread 0x00000272cd98a800 Uncommon trap: trap_request=0xffffffc6 fr.pc=0x00000272bb27dfec relative=0x0000000000003dcc
Event: 4.856 Thread 0x00000272cd98a800 Uncommon trap: reason=bimorphic_or_optimized_type_check action=maybe_recompile pc=0x00000272bb27dfec method=java.lang.ClassLoader.loadClass(Ljava/lang/String;Z)Ljava/lang/Class; @ 38 c2
Event: 4.856 Thread 0x00000272cd98a800 DEOPT PACKING pc=0x00000272bb27dfec sp=0x000000e913af9e80
Event: 4.856 Thread 0x00000272cd98a800 DEOPT UNPACKING pc=0x00000272b36c78af sp=0x000000e913af9ed0 mode 2

Classes redefined (0 events):
No events

Internal exceptions (20 events):
Event: 3.819 Thread 0x00000272cd98a800 Exception <a 'java/lang/NoSuchMethodError'{0x000000008a18e070}: 'java.lang.Object java.lang.invoke.DirectMethodHandle$Holder.invokeStatic(java.lang.Object, java.lang.Object, java.lang.Object, int)'> (0x000000008a18e070) thrown at [./src/hotspot/share/interpreter/linkResolver.cpp, line 773]
Event: 3.819 Thread 0x00000272cd98a800 Exception <a 'java/lang/NoSuchMethodError'{0x000000008a192238}: 'java.lang.Object java.lang.invoke.DirectMethodHandle$Holder.invokeSpecial(java.lang.Object, java.lang.Object, java.lang.Object, java.lang.Object, int)'> (0x000000008a192238) thrown at [./src/hotspot/share/interpreter/linkResolver.cpp, line 773]
Event: 3.819 Thread 0x00000272cd98a800 Exception <a 'java/lang/NoSuchMethodError'{0x000000008a195c20}: 'java.lang.Object java.lang.invoke.Invokers$Holder.linkToTargetMethod(java.lang.Object, java.lang.Object, int, java.lang.Object)'> (0x000000008a195c20) thrown at [./src/hotspot/share/interpreter/linkResolver.cpp, line 773]
Event: 3.973 Thread 0x00000272cd98a800 Exception <a 'java/lang/NoSuchMethodError'{0x000000008fda8358}: 'int java.lang.invoke.DirectMethodHandle$Holder.invokeSpecialIFC(java.lang.Object, java.lang.Object, java.lang.Object, java.lang.Object)'> (0x000000008fda8358) thrown at [./src/hotspot/share/interpreter/linkResolver.cpp, line 773]
Event: 3.976 Thread 0x00000272cd98a800 Exception <a 'java/lang/NoSuchMethodError'{0x000000008fdb6118}: 'java.lang.Object java.lang.invoke.DirectMethodHandle$Holder.invokeInterface(java.lang.Object, java.lang.Object, java.lang.Object)'> (0x000000008fdb6118) thrown at [./src/hotspot/share/interpreter/linkResolver.cpp, line 773]
Event: 3.976 Thread 0x00000272cd98a800 Exception <a 'java/lang/IncompatibleClassChangeError'{0x000000008fdb95f0}: Found class java.lang.Object, but interface was expected> (0x000000008fdb95f0) thrown at [./src/hotspot/share/interpreter/linkResolver.cpp, line 839]
Event: 3.988 Thread 0x00000272cd98a800 Exception <a 'java/lang/NoSuchMethodError'{0x000000008fc6f7a8}: 'void java.lang.invoke.DirectMethodHandle$Holder.invokeStatic(java.lang.Object, java.lang.Object, java.lang.Object, java.lang.Object, java.lang.Object)'> (0x000000008fc6f7a8) thrown at [./src/hotspot/share/interpreter/linkResolver.cpp, line 773]
Event: 4.066 Thread 0x00000272cd98a800 Exception <a 'java/lang/NoSuchMethodError'{0x000000008f702980}: 'void java.lang.invoke.DirectMethodHandle$Holder.invokeSpecial(java.lang.Object, java.lang.Object)'> (0x000000008f702980) thrown at [./src/hotspot/share/interpreter/linkResolver.cpp, line 773]
Event: 4.109 Thread 0x00000272cd98a800 Exception <a 'java/lang/NoSuchMethodError'{0x000000008f53da40}: 'java.lang.Object java.lang.invoke.DirectMethodHandle$Holder.invokeSpecial(java.lang.Object, java.lang.Object, java.lang.Object, java.lang.Object, java.lang.Object, java.lang.Object, java.lang.Object, java.lang.Object, java.lang.Object)'> (0x000000008f53da40) thrown at [./src/hotspot/share/interpreter/linkResolver.cpp, line 773]
Event: 4.192 Thread 0x00000272cd98a800 Exception <a 'java/lang/NoSuchMethodError'{0x000000008ecb10b8}: 'java.lang.Object java.lang.invoke.DirectMethodHandle$Holder.invokeVirtual(java.lang.Object, java.lang.Object, java.lang.Object, java.lang.Object)'> (0x000000008ecb10b8) thrown at [./src/hotspot/share/interpreter/linkResolver.cpp, line 773]
Event: 4.220 Thread 0x00000272cd98a800 Exception <a 'java/lang/NoSuchMethodError'{0x000000008e97a3e0}: 'java.lang.Object java.lang.invoke.Invokers$Holder.invoker(java.lang.Object, java.lang.Object, java.lang.Object, java.lang.Object, java.lang.Object)'> (0x000000008e97a3e0) thrown at [./src/hotspot/share/interpreter/linkResolver.cpp, line 773]
Event: 4.319 Thread 0x00000272cd98a800 Exception <a 'java/lang/NoSuchMethodError'{0x000000008e5f2048}: 'void java.lang.invoke.DirectMethodHandle$Holder.invokeSpecial(java.lang.Object, java.lang.Object, java.lang.Object, java.lang.Object, java.lang.Object, java.lang.Object)'> (0x000000008e5f2048) thrown at [./src/hotspot/share/interpreter/linkResolver.cpp, line 773]
Event: 4.335 Thread 0x00000272cd98a800 Exception <a 'java/lang/NoSuchMethodError'{0x000000008e458000}: 'void java.lang.invoke.DirectMethodHandle$Holder.invokeSpecial(java.lang.Object, java.lang.Object, java.lang.Object, java.lang.Object, java.lang.Object, java.lang.Object, java.lang.Object)'> (0x000000008e458000) thrown at [./src/hotspot/share/interpreter/linkResolver.cpp, line 773]
Event: 4.336 Thread 0x00000272cd98a800 Exception <a 'java/lang/NoSuchMethodError'{0x000000008e460248}: 'java.lang.Object java.lang.invoke.Invokers$Holder.linkToTargetMethod(java.lang.Object, java.lang.Object, java.lang.Object, java.lang.Object, java.lang.Object, java.lang.Object)'> (0x000000008e460248) thrown at [./src/hotspot/share/interpreter/linkResolver.cpp, line 773]
Event: 4.505 Thread 0x00000272cd98a800 Exception <a 'java/lang/NoSuchMethodError'{0x000000008fbabee0}: 'void java.lang.invoke.DirectMethodHandle$Holder.invokeStaticInit(java.lang.Object, java.lang.Object)'> (0x000000008fbabee0) thrown at [./src/hotspot/share/interpreter/linkResolver.cpp, line 773]
Event: 4.609 Thread 0x00000272cd98a800 Exception <a 'java/lang/NoSuchMethodError'{0x000000008f47aa38}: 'void java.lang.invoke.DirectMethodHandle$Holder.invokeStatic(java.lang.Object, java.lang.Object, java.lang.Object, java.lang.Object)'> (0x000000008f47aa38) thrown at [./src/hotspot/share/interpreter/linkResolver.cpp, line 773]
Event: 4.613 Thread 0x00000272cd98a800 Exception <a 'java/lang/NoSuchMethodError'{0x000000008f48e538}: 'int java.lang.invoke.DirectMethodHandle$Holder.invokeInterface(java.lang.Object, java.lang.Object)'> (0x000000008f48e538) thrown at [./src/hotspot/share/interpreter/linkResolver.cpp, line 773]
Event: 4.682 Thread 0x00000272cd98a800 Exception <a 'java/lang/NoSuchMethodError'{0x000000008f24de38}: 'int java.lang.invoke.DirectMethodHandle$Holder.invokeStaticInit(java.lang.Object, java.lang.Object, java.lang.Object)'> (0x000000008f24de38) thrown at [./src/hotspot/share/interpreter/linkResolver.cpp, line 773]
Event: 4.858 Thread 0x00000272cd98a800 Exception <a 'java/lang/NoSuchMethodError'{0x000000008ed709d0}: <clinit>> (0x000000008ed709d0) thrown at [./src/hotspot/share/prims/jni.cpp, line 1362]
Event: 4.867 Thread 0x00000272cd98a800 Exception <a 'java/lang/NoSuchMethodError'{0x000000008ec77bb8}: <clinit>> (0x000000008ec77bb8) thrown at [./src/hotspot/share/prims/jni.cpp, line 1362]

Events (20 events):
Event: 4.861 loading class org/gradle/tooling/internal/protocol/InternalBuildAction
Event: 4.861 loading class org/gradle/tooling/internal/protocol/InternalBuildAction done
Event: 4.862 loading class org/gradle/tooling/internal/adapter/TargetTypeProvider
Event: 4.862 loading class org/gradle/tooling/internal/adapter/TargetTypeProvider done
Event: 4.862 loading class org/gradle/tooling/BuildController
Event: 4.862 loading class org/gradle/tooling/BuildController done
Event: 4.863 loading class org/gradle/tooling/BuildAction
Event: 4.863 loading class org/gradle/tooling/BuildAction done
Event: 4.864 loading class org/gradle/tooling/internal/consumer/versioning/VersionDetails
Event: 4.864 loading class org/gradle/tooling/internal/consumer/versioning/VersionDetails done
Event: 4.866 loading class org/gradle/tooling/internal/protocol/InternalBuildControllerVersion2
Event: 4.866 loading class org/gradle/tooling/internal/protocol/InternalBuildControllerVersion2 done
Event: 4.866 loading class org/gradle/tooling/internal/protocol/InternalBuildControllerVersion2
Event: 4.866 loading class org/gradle/tooling/internal/protocol/InternalBuildControllerVersion2 done
Event: 4.866 loading class org/gradle/tooling/internal/protocol/InternalBuildController
Event: 4.866 loading class org/gradle/tooling/internal/protocol/InternalBuildController done
Event: 4.866 loading class org/gradle/tooling/internal/protocol/InternalBuildController
Event: 4.866 loading class org/gradle/tooling/internal/protocol/InternalBuildController done
Event: 4.868 loading class org/jetbrains/plugins/gradle/model/ProjectImportAction
Event: 4.868 loading class org/jetbrains/plugins/gradle/model/ProjectImportAction done


Dynamic libraries:
0x00007ff6eabc0000 - 0x00007ff6eabca000 	C:\Program Files\Android\Android Studio\jre\bin\java.exe
0x00007ffa50af0000 - 0x00007ffa50ce5000 	C:\WINDOWS\SYSTEM32\ntdll.dll
0x00007ffa4f1f0000 - 0x00007ffa4f2ae000 	C:\WINDOWS\System32\KERNEL32.DLL
0x00007ffa4e4c0000 - 0x00007ffa4e789000 	C:\WINDOWS\System32\KERNELBASE.dll
0x00007ffa4e2b0000 - 0x00007ffa4e3b0000 	C:\WINDOWS\System32\ucrtbase.dll
0x00007ffa44010000 - 0x00007ffa44027000 	C:\Program Files\Android\Android Studio\jre\bin\VCRUNTIME140.dll
0x00007ffa43ff0000 - 0x00007ffa44009000 	C:\Program Files\Android\Android Studio\jre\bin\jli.dll
0x00007ffa4edf0000 - 0x00007ffa4ef91000 	C:\WINDOWS\System32\USER32.dll
0x00007ffa4eae0000 - 0x00007ffa4eb02000 	C:\WINDOWS\System32\win32u.dll
0x00007ffa1f220000 - 0x00007ffa1f4ba000 	C:\WINDOWS\WinSxS\amd64_microsoft.windows.common-controls_6595b64144ccf1df_6.0.19041.1110_none_60b5254171f9507e\COMCTL32.dll
0x00007ffa4f350000 - 0x00007ffa4f37b000 	C:\WINDOWS\System32\GDI32.dll
0x00007ffa4f8d0000 - 0x00007ffa4f96e000 	C:\WINDOWS\System32\msvcrt.dll
0x00007ffa4e3b0000 - 0x00007ffa4e4bb000 	C:\WINDOWS\System32\gdi32full.dll
0x00007ffa4e210000 - 0x00007ffa4e2ad000 	C:\WINDOWS\System32\msvcp_win.dll
0x00007ffa4f2b0000 - 0x00007ffa4f2e0000 	C:\WINDOWS\System32\IMM32.DLL
0x00007ffa26f80000 - 0x00007ffa2701d000 	C:\Program Files\Android\Android Studio\jre\bin\msvcp140.dll
0x00007ffa12d60000 - 0x00007ffa1382f000 	C:\Program Files\Android\Android Studio\jre\bin\server\jvm.dll
0x00007ffa50720000 - 0x00007ffa507cc000 	C:\WINDOWS\System32\ADVAPI32.dll
0x00007ffa4fb00000 - 0x00007ffa4fb9b000 	C:\WINDOWS\System32\sechost.dll
0x00007ffa4efa0000 - 0x00007ffa4f0ca000 	C:\WINDOWS\System32\RPCRT4.dll
0x00007ffa50a70000 - 0x00007ffa50a78000 	C:\WINDOWS\System32\PSAPI.DLL
0x00007ffa44ec0000 - 0x00007ffa44ec9000 	C:\WINDOWS\SYSTEM32\WSOCK32.dll
0x00007ffa27360000 - 0x00007ffa27387000 	C:\WINDOWS\SYSTEM32\WINMM.dll
0x00007ffa4f2e0000 - 0x00007ffa4f34b000 	C:\WINDOWS\System32\WS2_32.dll
0x00007ffa41b20000 - 0x00007ffa41b2a000 	C:\WINDOWS\SYSTEM32\VERSION.dll
0x00007ffa4ca60000 - 0x00007ffa4ca72000 	C:\WINDOWS\SYSTEM32\kernel.appcore.dll
0x00007ffa44ee0000 - 0x00007ffa44ef1000 	C:\Program Files\Android\Android Studio\jre\bin\verify.dll
0x00007ffa4bfc0000 - 0x00007ffa4c1a4000 	C:\WINDOWS\SYSTEM32\DBGHELP.DLL
0x00007ffa41b50000 - 0x00007ffa41b7c000 	C:\WINDOWS\SYSTEM32\dbgcore.DLL
0x00007ffa4ea50000 - 0x00007ffa4ead3000 	C:\WINDOWS\System32\bcryptPrimitives.dll
0x00007ffa44520000 - 0x00007ffa44549000 	C:\Program Files\Android\Android Studio\jre\bin\java.dll
0x00007ffa44f10000 - 0x00007ffa44f1b000 	C:\Program Files\Android\Android Studio\jre\bin\jimage.dll
0x00007ffa44e10000 - 0x00007ffa44e28000 	C:\Program Files\Android\Android Studio\jre\bin\zip.dll
0x00007ffa4ffe0000 - 0x00007ffa5071f000 	C:\WINDOWS\System32\SHELL32.dll
0x00007ffa4c2c0000 - 0x00007ffa4ca50000 	C:\WINDOWS\SYSTEM32\windows.storage.dll
0x00007ffa4fc80000 - 0x00007ffa4ffd5000 	C:\WINDOWS\System32\combase.dll
0x00007ffa4dc30000 - 0x00007ffa4dc5c000 	C:\WINDOWS\SYSTEM32\Wldp.dll
0x00007ffa4fa50000 - 0x00007ffa4fafe000 	C:\WINDOWS\System32\SHCORE.dll
0x00007ffa50880000 - 0x00007ffa508d5000 	C:\WINDOWS\System32\shlwapi.dll
0x00007ffa4e120000 - 0x00007ffa4e13f000 	C:\WINDOWS\SYSTEM32\profapi.dll
0x00007ffa44be0000 - 0x00007ffa44bfa000 	C:\Program Files\Android\Android Studio\jre\bin\net.dll
0x00007ffa40670000 - 0x00007ffa40778000 	C:\WINDOWS\SYSTEM32\WINHTTP.dll
0x00007ffa4d990000 - 0x00007ffa4d9fa000 	C:\WINDOWS\system32\mswsock.dll
0x00007ffa43f90000 - 0x00007ffa43fa4000 	C:\Program Files\Android\Android Studio\jre\bin\nio.dll
0x00007ffa38be0000 - 0x00007ffa38c07000 	C:\Users\Doaa\.gradle\native\8bec1ad78214c89d9ad589b4d07fe93259594b29d510b10fafb7a158f7737e5d\windows-amd64\native-platform.dll
0x00007ffa270e0000 - 0x00007ffa2721d000 	C:\Users\Doaa\.gradle\native\53dbd7edfb1c66fb8903c78663c9afc45aea4f116125fa6feffd364cf09443e8\windows-amd64\native-platform-file-events.dll
0x00007ffa44ed0000 - 0x00007ffa44eda000 	C:\Program Files\Android\Android Studio\jre\bin\management.dll
0x00007ffa43e90000 - 0x00007ffa43e9c000 	C:\Program Files\Android\Android Studio\jre\bin\management_ext.dll
0x00007ffa4db80000 - 0x00007ffa4db98000 	C:\WINDOWS\SYSTEM32\CRYPTSP.dll
0x00007ffa4d2a0000 - 0x00007ffa4d2d4000 	C:\WINDOWS\system32\rsaenh.dll
0x00007ffa4e1e0000 - 0x00007ffa4e207000 	C:\WINDOWS\System32\bcrypt.dll
0x00007ffa4e0a0000 - 0x00007ffa4e0ce000 	C:\WINDOWS\SYSTEM32\USERENV.dll
0x00007ffa4dba0000 - 0x00007ffa4dbac000 	C:\WINDOWS\SYSTEM32\CRYPTBASE.dll
0x00007ffa4d630000 - 0x00007ffa4d66b000 	C:\WINDOWS\SYSTEM32\IPHLPAPI.DLL
0x00007ffa4fc70000 - 0x00007ffa4fc78000 	C:\WINDOWS\System32\NSI.dll
0x00007ffa42090000 - 0x00007ffa420a7000 	C:\WINDOWS\SYSTEM32\dhcpcsvc6.DLL
0x00007ffa42ba0000 - 0x00007ffa42bbd000 	C:\WINDOWS\SYSTEM32\dhcpcsvc.DLL
0x00007ffa4d670000 - 0x00007ffa4d73c000 	C:\WINDOWS\SYSTEM32\DNSAPI.dll

dbghelp: loaded successfully - version: 4.0.5 - missing functions: none
symbol engine: initialized successfully - sym options: 0x614 - pdb path: .;C:\Program Files\Android\Android Studio\jre\bin;C:\WINDOWS\SYSTEM32;C:\WINDOWS\WinSxS\amd64_microsoft.windows.common-controls_6595b64144ccf1df_6.0.19041.1110_none_60b5254171f9507e;C:\Program Files\Android\Android Studio\jre\bin\server;C:\Users\Doaa\.gradle\native\8bec1ad78214c89d9ad589b4d07fe93259594b29d510b10fafb7a158f7737e5d\windows-amd64;C:\Users\Doaa\.gradle\native\53dbd7edfb1c66fb8903c78663c9afc45aea4f116125fa6feffd364cf09443e8\windows-amd64

VM Arguments:
jvm_args: --add-opens=java.base/java.util=ALL-UNNAMED --add-opens=java.base/java.lang=ALL-UNNAMED --add-opens=java.base/java.lang.invoke=ALL-UNNAMED --add-opens=java.base/java.util=ALL-UNNAMED --add-opens=java.prefs/java.util.prefs=ALL-UNNAMED --add-opens=java.prefs/java.util.prefs=ALL-UNNAMED --add-opens=java.base/java.nio.charset=ALL-UNNAMED --add-opens=java.base/java.net=ALL-UNNAMED --add-opens=java.base/java.util.concurrent.atomic=ALL-UNNAMED -Xmx2048m -Dfile.encoding=UTF-8 -Duser.country=US -Duser.language=en -Duser.variant 
java_command: org.gradle.launcher.daemon.bootstrap.GradleDaemon 7.0.2
java_class_path (initial): C:\Users\Doaa\.gradle\wrapper\dists\gradle-7.0.2-bin\857tjihv64xamwrf0h14cai3r\gradle-7.0.2\lib\gradle-launcher-7.0.2.jar
Launcher Type: SUN_STANDARD

[Global flags]
     intx CICompilerCount                          = 4                                         {product} {ergonomic}
     uint ConcGCThreads                            = 2                                         {product} {ergonomic}
     uint G1ConcRefinementThreads                  = 8                                         {product} {ergonomic}
   size_t G1HeapRegionSize                         = 1048576                                   {product} {ergonomic}
    uintx GCDrainStackTargetSize                   = 64                                        {product} {ergonomic}
   size_t InitialHeapSize                          = 266338304                                 {product} {ergonomic}
   size_t MarkStackSize                            = 4194304                                   {product} {ergonomic}
   size_t MaxHeapSize                              = 2147483648                                {product} {command line}
   size_t MaxNewSize                               = 1287651328                                {product} {ergonomic}
   size_t MinHeapDeltaBytes                        = 1048576                                   {product} {ergonomic}
    uintx NonNMethodCodeHeapSize                   = 5836300                                {pd product} {ergonomic}
    uintx NonProfiledCodeHeapSize                  = 122910970                              {pd product} {ergonomic}
    uintx ProfiledCodeHeapSize                     = 122910970                              {pd product} {ergonomic}
    uintx ReservedCodeCacheSize                    = 251658240                              {pd product} {ergonomic}
     bool SegmentedCodeCache                       = true                                      {product} {ergonomic}
     bool UseCompressedClassPointers               = true                                 {lp64_product} {ergonomic}
     bool UseCompressedOops                        = true                                 {lp64_product} {ergonomic}
     bool UseG1GC                                  = true                                      {product} {ergonomic}
     bool UseLargePagesIndividualAllocation        = false                                  {pd product} {ergonomic}

Logging:
Log output configuration:
 #0: stdout all=warning uptime,level,tags
 #1: stderr all=off uptime,level,tags

Environment Variables:
PATH=C:\WINDOWS\system32;C:\WINDOWS;C:\WINDOWS\System32\Wbem;C:\WINDOWS\System32\WindowsPowerShell\v1.0\;C:\WINDOWS\System32\OpenSSH\;C:\Program Files\Git\cmd;C:\Users\Doaa\AppData\Local\Microsoft\WindowsApps;
USERNAME=Doaa
OS=Windows_NT
PROCESSOR_IDENTIFIER=Intel64 Family 6 Model 142 Stepping 12, GenuineIntel



---------------  S Y S T E M  ---------------

OS: Windows 10 , 64 bit Build 19041 (10.0.19041.1202)
OS uptime: 0 days 3:19 hours

CPU:total 8 (initial active 8) (4 cores per cpu, 2 threads per core) family 6 model 142 stepping 12 microcode 0xde, cmov, cx8, fxsr, mmx, sse, sse2, sse3, ssse3, sse4.1, sse4.2, popcnt, avx, avx2, aes, clmul, erms, 3dnowpref, lzcnt, ht, tsc, tscinvbit, bmi1, bmi2, adx, fma

Memory: 4k page, system-wide physical 16190M (2712M free)
TotalPageFile size 35387M (AvailPageFile size 11M)
current process WorkingSet (physical memory assigned to process): 252M, peak: 252M
current process commit charge ("private bytes"): 421M, peak: 423M

vm_info: OpenJDK 64-Bit Server VM (11.0.10+0-b96-7249189) for windows-amd64 JRE (11.0.10+0-b96-7249189), built on Mar 31 2021 21:44:00 by "builder" with MS VC++ 14.0 (VS2015)

END.
